<?xml version="1.0" encoding="utf-8" standalone="no"?>
<test-run id="2" testcasecount="7" result="Passed" total="7" passed="0" failed="0" inconclusive="0" skipped="0" asserts="0" engine-version="3.6.1.0" clr-version="4.0.30319.42000" start-time="2017-05-02 18:31:27Z" end-time="2017-05-02 18:31:31Z" duration="3.802695">
  <command-line><![CDATA["C:\Users\User\Documents\IEgit\EmailValidation\packages\NUnit.ConsoleRunner.3.6.1\tools\nunit3-console.exe" UnitTests\bin\Debug\UnitTests.dll]]></command-line>
  <test-suite type="Assembly" id="0-1008" name="C:\Users\User\Documents\IEgit\EmailValidation\UnitTests\bin\Debug\UnitTests.dll" fullname="C:\Users\User\Documents\IEgit\EmailValidation\UnitTests\bin\Debug\UnitTests.dll" runstate="Runnable" testcasecount="7" result="Passed" duration="0.332547" total="7" passed="0" failed="0" inconclusive="0" skipped="0" asserts="0">
    <properties>
      <property name="_PID" value="4664" />
      <property name="_APPDOMAIN" value="domain-" />
    </properties>
    <test-suite type="Namespace" id="0-1009" name="UnitTests" fullname="UnitTests" runstate="Runnable" testcasecount="7" result="Passed" duration="0.324412" total="7" passed="0" failed="0" inconclusive="0" skipped="0" asserts="0">
      <test-suite type="TestFixture" id="0-1000" name="Test" fullname="UnitTests.Test" classname="UnitTests.Test" runstate="Runnable" testcasecount="7" result="Passed" duration="0.322906" total="7" passed="0" failed="0" inconclusive="0" skipped="0" asserts="0">
        <test-case id="0-1002" name="TestInvalidAddresses" fullname="UnitTests.Test.TestInvalidAddresses" methodname="TestInvalidAddresses" classname="UnitTests.Test" runstate="Runnable" result="Passed" duration="0.064473" asserts="35" />
        <test-case id="0-1004" name="TestThrowsExceptionIfNull" fullname="UnitTests.Test.TestThrowsExceptionIfNull" methodname="TestThrowsExceptionIfNull" classname="UnitTests.Test" runstate="Runnable" result="Passed" duration="0.062883" asserts="1" />
        <test-case id="0-1001" name="TestValidAddresses" fullname="UnitTests.Test.TestValidAddresses" methodname="TestValidAddresses" classname="UnitTests.Test" runstate="Runnable" result="Passed" duration="0.014189" asserts="54" />
        <test-case id="0-1006" name="TestValidationAttributeInvalidAddresses" fullname="UnitTests.Test.TestValidationAttributeInvalidAddresses" methodname="TestValidationAttributeInvalidAddresses" classname="UnitTests.Test" runstate="Runnable" result="Passed" duration="0.109537" asserts="35" />
        <test-case id="0-1005" name="TestValidationAttributeValidAddresses" fullname="UnitTests.Test.TestValidationAttributeValidAddresses" methodname="TestValidationAttributeValidAddresses" classname="UnitTests.Test" runstate="Runnable" result="Passed" duration="0.014187" asserts="54" />
        <test-case id="0-1007" name="TestValidationAttributeValidInternationalAddresses" fullname="UnitTests.Test.TestValidationAttributeValidInternationalAddresses" methodname="TestValidationAttributeValidInternationalAddresses" classname="UnitTests.Test" runstate="Runnable" result="Passed" duration="0.002748" asserts="4" />
        <test-case id="0-1003" name="TestValidInternationalAddresses" fullname="UnitTests.Test.TestValidInternationalAddresses" methodname="TestValidInternationalAddresses" classname="UnitTests.Test" runstate="Runnable" result="Passed" duration="0.001039" asserts="4" />
      </test-suite>
    </test-suite>
  </test-suite>
</test-run>