<?xml version="1.0" encoding="utf-8" standalone="no"?>
<test-run id="2" testcasecount="9" result="Passed" total="9" passed="0" failed="0" inconclusive="0" skipped="0" asserts="0" engine-version="3.6.1.0" clr-version="4.0.30319.42000" start-time="2017-05-02 19:42:54Z" end-time="2017-05-02 19:42:58Z" duration="3.389758">
  <command-line><![CDATA["C:\Users\User\Documents\IEgit\EmailValidation\packages\NUnit.ConsoleRunner.3.6.1\tools\nunit3-console.exe" UnitTests\bin\Debug\UnitTests.dll]]></command-line>
  <test-suite type="Assembly" id="0-1010" name="C:\Users\User\Documents\IEgit\EmailValidation\UnitTests\bin\Debug\UnitTests.dll" fullname="C:\Users\User\Documents\IEgit\EmailValidation\UnitTests\bin\Debug\UnitTests.dll" runstate="Runnable" testcasecount="9" result="Passed" duration="0.316570" total="9" passed="0" failed="0" inconclusive="0" skipped="0" asserts="0">
    <properties>
      <property name="_PID" value="4416" />
      <property name="_APPDOMAIN" value="domain-" />
    </properties>
    <test-suite type="Namespace" id="0-1011" name="UnitTests" fullname="UnitTests" runstate="Runnable" testcasecount="9" result="Passed" duration="0.308929" total="9" passed="0" failed="0" inconclusive="0" skipped="0" asserts="0">
      <test-suite type="TestFixture" id="0-1000" name="Test" fullname="UnitTests.Test" classname="UnitTests.Test" runstate="Runnable" testcasecount="9" result="Passed" duration="0.307552" total="9" passed="0" failed="0" inconclusive="0" skipped="0" asserts="0">
        <test-case id="0-1002" name="TestInvalidAddresses" fullname="UnitTests.Test.TestInvalidAddresses" methodname="TestInvalidAddresses" classname="UnitTests.Test" runstate="Runnable" result="Passed" duration="0.064120" asserts="35" />
        <test-case id="0-1004" name="TestThrowsExceptionIfNull" fullname="UnitTests.Test.TestThrowsExceptionIfNull" methodname="TestThrowsExceptionIfNull" classname="UnitTests.Test" runstate="Runnable" result="Passed" duration="0.064717" asserts="1" />
        <test-case id="0-1001" name="TestValidAddresses" fullname="UnitTests.Test.TestValidAddresses" methodname="TestValidAddresses" classname="UnitTests.Test" runstate="Runnable" result="Passed" duration="0.014646" asserts="54" />
        <test-case id="0-1006" name="TestValidationAttributeInvalidAddresses" fullname="UnitTests.Test.TestValidationAttributeInvalidAddresses" methodname="TestValidationAttributeInvalidAddresses" classname="UnitTests.Test" runstate="Runnable" result="Passed" duration="0.085436" asserts="35" />
        <test-case id="0-1005" name="TestValidationAttributeValidAddresses" fullname="UnitTests.Test.TestValidationAttributeValidAddresses" methodname="TestValidationAttributeValidAddresses" classname="UnitTests.Test" runstate="Runnable" result="Passed" duration="0.014053" asserts="54" />
        <test-case id="0-1007" name="TestValidationAttributeValidInternationalAddresses" fullname="UnitTests.Test.TestValidationAttributeValidInternationalAddresses" methodname="TestValidationAttributeValidInternationalAddresses" classname="UnitTests.Test" runstate="Runnable" result="Passed" duration="0.002367" asserts="4" />
        <test-case id="0-1003" name="TestValidInternationalAddresses" fullname="UnitTests.Test.TestValidInternationalAddresses" methodname="TestValidInternationalAddresses" classname="UnitTests.Test" runstate="Runnable" result="Passed" duration="0.001079" asserts="4" />
        <test-case id="0-1008" name="TestWithoutAllowingAcceptance" fullname="UnitTests.Test.TestWithoutAllowingAcceptance" methodname="TestWithoutAllowingAcceptance" classname="UnitTests.Test" runstate="Runnable" result="Passed" duration="0.002193" asserts="1" />
        <test-case id="0-1009" name="TestWithoutAllowingDecline" fullname="UnitTests.Test.TestWithoutAllowingDecline" methodname="TestWithoutAllowingDecline" classname="UnitTests.Test" runstate="Runnable" result="Passed" duration="0.001088" asserts="1" />
      </test-suite>
    </test-suite>
  </test-suite>
</test-run>