<?xml version="1.0" encoding="utf-8" standalone="no"?>
<test-run id="2" testcasecount="11" result="Passed" total="11" passed="0" failed="0" inconclusive="0" skipped="0" asserts="0" engine-version="3.6.1.0" clr-version="4.0.30319.42000" start-time="2017-05-02 20:33:25Z" end-time="2017-05-02 20:33:29Z" duration="3.425740">
  <command-line><![CDATA["C:\Users\User\Documents\IEgit\EmailValidation\packages\NUnit.ConsoleRunner.3.6.1\tools\nunit3-console.exe" UnitTests\bin\Debug\UnitTests.dll]]></command-line>
  <test-suite type="Assembly" id="0-1012" name="C:\Users\User\Documents\IEgit\EmailValidation\UnitTests\bin\Debug\UnitTests.dll" fullname="C:\Users\User\Documents\IEgit\EmailValidation\UnitTests\bin\Debug\UnitTests.dll" runstate="Runnable" testcasecount="11" result="Passed" duration="0.317408" total="11" passed="0" failed="0" inconclusive="0" skipped="0" asserts="0">
    <properties>
      <property name="_PID" value="9584" />
      <property name="_APPDOMAIN" value="domain-" />
    </properties>
    <test-suite type="Namespace" id="0-1013" name="UnitTests" fullname="UnitTests" runstate="Runnable" testcasecount="11" result="Passed" duration="0.309300" total="11" passed="0" failed="0" inconclusive="0" skipped="0" asserts="0">
      <test-suite type="TestFixture" id="0-1000" name="Test" fullname="UnitTests.Test" classname="UnitTests.Test" runstate="Runnable" testcasecount="11" result="Passed" duration="0.307875" total="11" passed="0" failed="0" inconclusive="0" skipped="0" asserts="0">
        <test-case id="0-1010" name="TestInternationalDecline" fullname="UnitTests.Test.TestInternationalDecline" methodname="TestInternationalDecline" classname="UnitTests.Test" runstate="Runnable" result="Passed" duration="0.131608" asserts="4" />
        <test-case id="0-1002" name="TestInvalidAddresses" fullname="UnitTests.Test.TestInvalidAddresses" methodname="TestInvalidAddresses" classname="UnitTests.Test" runstate="Runnable" result="Passed" duration="0.010507" asserts="35" />
        <test-case id="0-1011" name="TestInValidateInternational" fullname="UnitTests.Test.TestInValidateInternational" methodname="TestInValidateInternational" classname="UnitTests.Test" runstate="Runnable" result="Passed" duration="0.001219" asserts="4" />
        <test-case id="0-1004" name="TestThrowsExceptionIfNull" fullname="UnitTests.Test.TestThrowsExceptionIfNull" methodname="TestThrowsExceptionIfNull" classname="UnitTests.Test" runstate="Runnable" result="Passed" duration="0.062955" asserts="1" />
        <test-case id="0-1001" name="TestValidAddresses" fullname="UnitTests.Test.TestValidAddresses" methodname="TestValidAddresses" classname="UnitTests.Test" runstate="Runnable" result="Passed" duration="0.014697" asserts="54" />
        <test-case id="0-1006" name="TestValidationAttributeInvalidAddresses" fullname="UnitTests.Test.TestValidationAttributeInvalidAddresses" methodname="TestValidationAttributeInvalidAddresses" classname="UnitTests.Test" runstate="Runnable" result="Passed" duration="0.005306" asserts="35" />
        <test-case id="0-1005" name="TestValidationAttributeValidAddresses" fullname="UnitTests.Test.TestValidationAttributeValidAddresses" methodname="TestValidationAttributeValidAddresses" classname="UnitTests.Test" runstate="Runnable" result="Passed" duration="0.015216" asserts="54" />
        <test-case id="0-1007" name="TestValidationAttributeValidInternationalAddresses" fullname="UnitTests.Test.TestValidationAttributeValidInternationalAddresses" methodname="TestValidationAttributeValidInternationalAddresses" classname="UnitTests.Test" runstate="Runnable" result="Passed" duration="0.002508" asserts="4" />
        <test-case id="0-1003" name="TestValidInternationalAddresses" fullname="UnitTests.Test.TestValidInternationalAddresses" methodname="TestValidInternationalAddresses" classname="UnitTests.Test" runstate="Runnable" result="Passed" duration="0.001074" asserts="4" />
        <test-case id="0-1008" name="TestWithoutAllowingAcceptance" fullname="UnitTests.Test.TestWithoutAllowingAcceptance" methodname="TestWithoutAllowingAcceptance" classname="UnitTests.Test" runstate="Runnable" result="Passed" duration="0.002115" asserts="1" />
        <test-case id="0-1009" name="TestWithoutAllowingDecline" fullname="UnitTests.Test.TestWithoutAllowingDecline" methodname="TestWithoutAllowingDecline" classname="UnitTests.Test" runstate="Runnable" result="Passed" duration="0.000798" asserts="1" />
      </test-suite>
    </test-suite>
  </test-suite>
</test-run>